Name:                                                  udagram-reverseproxy
Namespace:                                             default
Labels:                                                <none>
Annotations:                                           <none>
CreationTimestamp:                                     Thu, 16 Jul 2020 08:42:01 -0400
Reference:                                             Deployment/udagram-reverseproxy
Metrics:                                               ( current / target )
  resource cpu on pods  (as a percentage of request):  <unknown> / 80%
Min replicas:                                          1
Max replicas:                                          2
Deployment pods:                                       1 current / 0 desired
Conditions:
  Type           Status  Reason                   Message
  ----           ------  ------                   -------
  AbleToScale    True    SucceededGetScale        the HPA controller was able to get the target's current scale
  ScalingActive  False   FailedGetResourceMetric  the HPA was unable to compute the replica count: unable to get metrics for resource cpu: unable to fetch metrics from resource metrics API: the server is currently unable to handle the request (get pods.metrics.k8s.io)
Events:
  Type     Reason                        Age   From                       Message
  ----     ------                        ----  ----                       -------
  Warning  FailedGetResourceMetric       15s   horizontal-pod-autoscaler  unable to get metrics for resource cpu: unable to fetch metrics from resource metrics API: the server is currently unable to handle the request (get pods.metrics.k8s.io)
  Warning  FailedComputeMetricsReplicas  15s   horizontal-pod-autoscaler  invalid metrics (1 invalid out of 1), first error is: failed to get cpu utilization: unable to get metrics for resource cpu: unable to fetch metrics from resource metrics API: the server is currently unable to handle the request (get pods.metrics.k8s.io)
