Name:              backend-feed
Namespace:         default
Labels:            app=backend-feed
Annotations:       kubectl.kubernetes.io/last-applied-configuration:
                     {"apiVersion":"v1","kind":"Service","metadata":{"annotations":{},"labels":{"app":"backend-feed"},"name":"backend-feed","namespace":"defaul...
Selector:          app=backend-feed
Type:              ClusterIP
IP:                10.100.31.102
Port:              8080  8080/TCP
TargetPort:        8080/TCP
Endpoints:         172.31.0.200:8080
Session Affinity:  None
Events:            <none>


Name:              backend-user
Namespace:         default
Labels:            app=backend-user
Annotations:       kubectl.kubernetes.io/last-applied-configuration:
                     {"apiVersion":"v1","kind":"Service","metadata":{"annotations":{},"labels":{"app":"backend-user"},"name":"backend-user","namespace":"defaul...
Selector:          app=backend-user
Type:              ClusterIP
IP:                10.100.112.1
Port:              8080  8080/TCP
TargetPort:        8080/TCP
Endpoints:         172.31.20.147:8080
Session Affinity:  None
Events:            <none>


Name:              kubernetes
Namespace:         default
Labels:            component=apiserver
                   provider=kubernetes
Annotations:       <none>
Selector:          <none>
Type:              ClusterIP
IP:                10.100.0.1
Port:              https  443/TCP
TargetPort:        443/TCP
Endpoints:         172.31.20.131:443,172.31.46.226:443
Session Affinity:  None
Events:            <none>


Name:              udagram-frontend
Namespace:         default
Labels:            app=udagram-frontend
Annotations:       kubectl.kubernetes.io/last-applied-configuration:
                     {"apiVersion":"v1","kind":"Service","metadata":{"annotations":{},"labels":{"app":"udagram-frontend"},"name":"udagram-frontend","namespace"...
Selector:          app=udagram-frontend
Type:              ClusterIP
IP:                10.100.153.65
Port:              8100  8100/TCP
TargetPort:        80/TCP
Endpoints:         172.31.38.100:80
Session Affinity:  None
Events:            <none>


Name:              udagram-reverseproxy
Namespace:         default
Labels:            app=udagram-reverseproxy
Annotations:       kubectl.kubernetes.io/last-applied-configuration:
                     {"apiVersion":"v1","kind":"Service","metadata":{"annotations":{},"labels":{"app":"udagram-reverseproxy"},"name":"udagram-reverseproxy","na...
Selector:          app=udagram-reverseproxy
Type:              ClusterIP
IP:                10.100.6.144
Port:              8080  8080/TCP
TargetPort:        8080/TCP
Endpoints:         172.31.34.245:8080
Session Affinity:  None
Events:            <none>
